State 0
0 0 14 0 0
1 0 14 0 0
2 0 14 0 0
3 0 14 0 0
4 0 14 0 0
Command 1
6
4
6
0
7
State 1
0 3 10 4 0
0 2 12 2 0
2 3 10 4 0
3 1 14 0 0
3 3 9 5 0
Command 2
6
3
6
0
7
State 2
0 6 6 8 0
0 4 11 3 0
2 6 6 8 1
3 2 14 0 0
3 6 4 10 0
Command 3
6
3
0
0
3
State 3
0 9 2 12 0
0 6 10 4 0
2 7 6 8 0
3 3 14 0 0
3 8 3 11 0
Command 4
3
3
3
0
3
State 4
0 11 1 13 0
0 8 9 5 0
2 9 5 9 0
3 4 14 0 0
3 10 2 12 0
Command 5
3
3
3
0
3
State 5
0 13 0 14 0
0 10 8 6 0
2 11 4 10 0
3 5 14 0 0
3 12 1 13 0
Command 6
0
3
3
0
3
State 6
0 14 0 14 0
0 12 7 7 0
2 13 3 11 0
3 6 14 0 0
3 14 0 14 0
Command 7
0
3
3
0
0
State 7
0 15 0 14 0
0 14 6 8 0
2 15 2 12 0
3 7 14 0 0
3 15 0 14 0
