State 0
0 0 20 0 0
1 0 20 0 0
2 0 20 0 0
3 0 20 0 0
Command 1
8
3
8
7
State 1
1 3 15 5 0
1 2 19 1 0
2 3 15 5 1
3 3 15 5 1
Command 2
8
3
0
0
State 2
2 6 10 10 0
1 4 18 2 0
2 4 15 5 0
3 4 15 5 0
Command 3
0
3
7
7
State 3
2 7 10 10 1
1 6 17 3 1
2 6 10 10 0
3 7 10 10 0
Command 4
0
0
6
7
State 4
2 8 10 10 0
1 7 17 3 0
2 7 6 14 0
2 10 5 15 0
Command 5
0
3
5
7
State 5
2 9 10 10 0
1 9 16 4 0
3 8 4 16 0
1 13 0 20 0
Command 6
0
3
4
0
State 6
2 10 10 10 1
1 11 15 5 0
3 10 2 18 0
1 14 0 20 0
Command 7
0
3
3
0
State 7
2 11 10 10 0
1 13 14 6 0
3 12 1 19 0
1 15 0 20 0
Command 8
3
3
2
0
State 8
2 13 9 11 0
1 15 13 7 0
3 13 0 20 0
1 16 0 20 0
Command 9
3
3
0
0
State 9
2 15 8 12 0
1 16 12 8 0
3 14 0 20 0
1 17 0 20 0
Command 10
3
3
0
0
State 10
2 17 7 13 0
1 17 11 9 0
3 15 0 20 0
1 18 0 20 0
Command 11
3
3
0
0
State 11
2 19 6 14 0
1 18 10 10 0
3 16 0 20 0
1 19 0 20 0
Command 12
3
3
0
0
State 12
2 21 5 15 0
1 19 9 11 0
3 17 0 20 0
1 20 0 20 0
